# JRE version: Java(TM) SE Runtime Environment (8.0_201-b09) (build 1.8.0_201-b09)
# Java VM: Java HotSpot(TM) 64-Bit Server VM (25.201-b09 mixed mode linux-amd64 compressed oops)
Heap:
 PSYoungGen      total 253440K, used 156624K [0x00000000eab00000, 0x00000000fc880000, 0x0000000100000000)
  eden space 232960K, 67% used [0x00000000eab00000,0x00000000f43f4340,0x00000000f8e80000)
  from space 20480K, 0% used [0x00000000fa800000,0x00000000fa800000,0x00000000fbc00000)
  to   space 26112K, 0% used [0x00000000f8e80000,0x00000000f8e80000,0x00000000fa800000)
 ParOldGen       total 165888K, used 38301K [0x00000000c0000000, 0x00000000ca200000, 0x00000000eab00000)
  object space 165888K, 23% used [0x00000000c0000000,0x00000000c2567460,0x00000000ca200000)
 Metaspace       used 60764K, capacity 62262K, committed 62336K, reserved 1103872K
  class space    used 8391K, capacity 8815K, committed 8832K, reserved 1048576K
GC Heap History (10 events):
Event: 3.519 GC heap before
{Heap before GC invocations=7 (full 1):
 PSYoungGen      total 132096K, used 53773K [0x00000000eab00000, 0x00000000f7780000, 0x0000000100000000)
  eden space 126976K, 38% used [0x00000000eab00000,0x00000000eda85c28,0x00000000f2700000)
  from space 5120K, 99% used [0x00000000f2700000,0x00000000f2bfd950,0x00000000f2c00000)
  to   space 14848K, 0% used [0x00000000f6900000,0x00000000f6900000,0x00000000f7780000)
 ParOldGen       total 66048K, used 16209K [0x00000000c0000000, 0x00000000c4080000, 0x00000000eab00000)
  object space 66048K, 24% used [0x00000000c0000000,0x00000000c0fd4588,0x00000000c4080000)
 Metaspace       used 34801K, capacity 35340K, committed 35496K, reserved 1079296K
  class space    used 4891K, capacity 5114K, committed 5120K, reserved 1048576K
Event: 3.526 GC heap after
Heap after GC invocations=7 (full 1):
 PSYoungGen      total 187392K, used 9776K [0x00000000eab00000, 0x00000000f7380000, 0x0000000100000000)
  eden space 176640K, 0% used [0x00000000eab00000,0x00000000eab00000,0x00000000f5780000)
  from space 10752K, 90% used [0x00000000f6900000,0x00000000f728c250,0x00000000f7380000)
  to   space 14336K, 0% used [0x00000000f5780000,0x00000000f5780000,0x00000000f6580000)
 ParOldGen       total 66048K, used 16217K [0x00000000c0000000, 0x00000000c4080000, 0x00000000eab00000)
  object space 66048K, 24% used [0x00000000c0000000,0x00000000c0fd6588,0x00000000c4080000)
 Metaspace       used 34801K, capacity 35340K, committed 35496K, reserved 1079296K
  class space    used 4891K, capacity 5114K, committed 5120K, reserved 1048576K
}
Event: 3.526 GC heap before
{Heap before GC invocations=8 (full 2):
 PSYoungGen      total 187392K, used 9776K [0x00000000eab00000, 0x00000000f7380000, 0x0000000100000000)
  eden space 176640K, 0% used [0x00000000eab00000,0x00000000eab00000,0x00000000f5780000)
  from space 10752K, 90% used [0x00000000f6900000,0x00000000f728c250,0x00000000f7380000)
  to   space 14336K, 0% used [0x00000000f5780000,0x00000000f5780000,0x00000000f6580000)
 ParOldGen       total 66048K, used 16217K [0x00000000c0000000, 0x00000000c4080000, 0x00000000eab00000)
  object space 66048K, 24% used [0x00000000c0000000,0x00000000c0fd6588,0x00000000c4080000)
 Metaspace       used 34801K, capacity 35340K, committed 35496K, reserved 1079296K
  class space    used 4891K, capacity 5114K, committed 5120K, reserved 1048576K
Event: 3.583 GC heap after
Heap after GC invocations=8 (full 2):
 PSYoungGen      total 187392K, used 0K [0x00000000eab00000, 0x00000000f7380000, 0x0000000100000000)
  eden space 176640K, 0% used [0x00000000eab00000,0x00000000eab00000,0x00000000f5780000)
  from space 10752K, 0% used [0x00000000f6900000,0x00000000f6900000,0x00000000f7380000)
  to   space 14336K, 0% used [0x00000000f5780000,0x00000000f5780000,0x00000000f6580000)
 ParOldGen       total 107008K, used 16520K [0x00000000c0000000, 0x00000000c6880000, 0x00000000eab00000)
  object space 107008K, 15% used [0x00000000c0000000,0x00000000c1022348,0x00000000c6880000)
 Metaspace       used 34801K, capacity 35340K, committed 35496K, reserved 1079296K
  class space    used 4891K, capacity 5114K, committed 5120K, reserved 1048576K
}
Event: 5.230 GC heap before
{Heap before GC invocations=9 (full 2):
 PSYoungGen      total 187392K, used 176640K [0x00000000eab00000, 0x00000000f7380000, 0x0000000100000000)
  eden space 176640K, 100% used [0x00000000eab00000,0x00000000f5780000,0x00000000f5780000)
  from space 10752K, 0% used [0x00000000f6900000,0x00000000f6900000,0x00000000f7380000)
  to   space 14336K, 0% used [0x00000000f5780000,0x00000000f5780000,0x00000000f6580000)
 ParOldGen       total 107008K, used 16520K [0x00000000c0000000, 0x00000000c6880000, 0x00000000eab00000)
  object space 107008K, 15% used [0x00000000c0000000,0x00000000c1022348,0x00000000c6880000)
 Metaspace       used 50119K, capacity 51212K, committed 51328K, reserved 1093632K
  class space    used 6947K, capacity 7286K, committed 7296K, reserved 1048576K
Event: 5.249 GC heap after
Heap after GC invocations=9 (full 2):
 PSYoungGen      total 190976K, used 14321K [0x00000000eab00000, 0x00000000fbc00000, 0x0000000100000000)
  eden space 176640K, 0% used [0x00000000eab00000,0x00000000eab00000,0x00000000f5780000)
  from space 14336K, 99% used [0x00000000f5780000,0x00000000f657c758,0x00000000f6580000)
  to   space 20480K, 0% used [0x00000000fa800000,0x00000000fa800000,0x00000000fbc00000)
 ParOldGen       total 107008K, used 24058K [0x00000000c0000000, 0x00000000c6880000, 0x00000000eab00000)
  object space 107008K, 22% used [0x00000000c0000000,0x00000000c177eba0,0x00000000c6880000)
 Metaspace       used 50119K, capacity 51212K, committed 51328K, reserved 1093632K
  class space    used 6947K, capacity 7286K, committed 7296K, reserved 1048576K
}
Event: 6.478 GC heap before
{Heap before GC invocations=10 (full 2):
 PSYoungGen      total 190976K, used 146175K [0x00000000eab00000, 0x00000000fbc00000, 0x0000000100000000)
  eden space 176640K, 74% used [0x00000000eab00000,0x00000000f2bc34e8,0x00000000f5780000)
  from space 14336K, 99% used [0x00000000f5780000,0x00000000f657c758,0x00000000f6580000)
  to   space 20480K, 0% used [0x00000000fa800000,0x00000000fa800000,0x00000000fbc00000)
 ParOldGen       total 107008K, used 24058K [0x00000000c0000000, 0x00000000c6880000, 0x00000000eab00000)
  object space 107008K, 22% used [0x00000000c0000000,0x00000000c177eba0,0x00000000c6880000)
 Metaspace       used 57598K, capacity 59032K, committed 59160K, reserved 1099776K
  class space    used 8074K, capacity 8484K, committed 8576K, reserved 1048576K
Event: 6.500 GC heap after
Heap after GC invocations=10 (full 2):
 PSYoungGen      total 253440K, used 20450K [0x00000000eab00000, 0x00000000fc880000, 0x0000000100000000)
  eden space 232960K, 0% used [0x00000000eab00000,0x00000000eab00000,0x00000000f8e80000)
  from space 20480K, 99% used [0x00000000fa800000,0x00000000fbbf8ab0,0x00000000fbc00000)
  to   space 26112K, 0% used [0x00000000f8e80000,0x00000000f8e80000,0x00000000fa800000)
 ParOldGen       total 107008K, used 29087K [0x00000000c0000000, 0x00000000c6880000, 0x00000000eab00000)
  object space 107008K, 27% used [0x00000000c0000000,0x00000000c1c67d60,0x00000000c6880000)
 Metaspace       used 57598K, capacity 59032K, committed 59160K, reserved 1099776K
  class space    used 8074K, capacity 8484K, committed 8576K, reserved 1048576K
}
Event: 6.500 GC heap before
{Heap before GC invocations=11 (full 3):
 PSYoungGen      total 253440K, used 20450K [0x00000000eab00000, 0x00000000fc880000, 0x0000000100000000)
  eden space 232960K, 0% used [0x00000000eab00000,0x00000000eab00000,0x00000000f8e80000)
  from space 20480K, 99% used [0x00000000fa800000,0x00000000fbbf8ab0,0x00000000fbc00000)
  to   space 26112K, 0% used [0x00000000f8e80000,0x00000000f8e80000,0x00000000fa800000)
 ParOldGen       total 107008K, used 29087K [0x00000000c0000000, 0x00000000c6880000, 0x00000000eab00000)
  object space 107008K, 27% used [0x00000000c0000000,0x00000000c1c67d60,0x00000000c6880000)
 Metaspace       used 57598K, capacity 59032K, committed 59160K, reserved 1099776K
  class space    used 8074K, capacity 8484K, committed 8576K, reserved 1048576K
Event: 6.702 GC heap after
Heap after GC invocations=11 (full 3):
 PSYoungGen      total 253440K, used 0K [0x00000000eab00000, 0x00000000fc880000, 0x0000000100000000)
  eden space 232960K, 0% used [0x00000000eab00000,0x00000000eab00000,0x00000000f8e80000)
  from space 20480K, 0% used [0x00000000fa800000,0x00000000fa800000,0x00000000fbc00000)
  to   space 26112K, 0% used [0x00000000f8e80000,0x00000000f8e80000,0x00000000fa800000)
 ParOldGen       total 165888K, used 38301K [0x00000000c0000000, 0x00000000ca200000, 0x00000000eab00000)
  object space 165888K, 23% used [0x00000000c0000000,0x00000000c2567460,0x00000000ca200000)
 Metaspace       used 57598K, capacity 59032K, committed 59160K, reserved 1099776K
  class space    used 8074K, capacity 8484K, committed 8576K, reserved 1048576K
}

