# JRE version: Java(TM) SE Runtime Environment (8.0_201-b09) (build 1.8.0_201-b09)
# Java VM: Java HotSpot(TM) 64-Bit Server VM (25.201-b09 mixed mode linux-amd64 compressed oops)
Heap:
 PSYoungGen      total 212480K, used 148436K [0x00000000eab00000, 0x00000000f9e00000, 0x0000000100000000)
  eden space 201728K, 71% used [0x00000000eab00000,0x00000000f388b1c8,0x00000000f7000000)
  from space 10752K, 32% used [0x00000000f9380000,0x00000000f96ea010,0x00000000f9e00000)
  to   space 23552K, 0% used [0x00000000f7000000,0x00000000f7000000,0x00000000f8700000)
 ParOldGen       total 144384K, used 33951K [0x00000000c0000000, 0x00000000c8d00000, 0x00000000eab00000)
  object space 144384K, 23% used [0x00000000c0000000,0x00000000c2127fe0,0x00000000c8d00000)
 Metaspace       used 64711K, capacity 66248K, committed 66456K, reserved 1105920K
  class space    used 8875K, capacity 9322K, committed 9392K, reserved 1048576K
GC Heap History (10 events):
Event: 6.428 GC heap before
{Heap before GC invocations=11 (full 2):
 PSYoungGen      total 147456K, used 135680K [0x00000000eab00000, 0x00000000f7c80000, 0x0000000100000000)
  eden space 135680K, 100% used [0x00000000eab00000,0x00000000f2f80000,0x00000000f2f80000)
  from space 11776K, 0% used [0x00000000f3b00000,0x00000000f3b00000,0x00000000f4680000)
  to   space 11776K, 0% used [0x00000000f2f80000,0x00000000f2f80000,0x00000000f3b00000)
 ParOldGen       total 95232K, used 15547K [0x00000000c0000000, 0x00000000c5d00000, 0x00000000eab00000)
  object space 95232K, 16% used [0x00000000c0000000,0x00000000c0f2ed88,0x00000000c5d00000)
 Metaspace       used 46614K, capacity 47478K, committed 47792K, reserved 1089536K
  class space    used 6499K, capacity 6799K, committed 6832K, reserved 1048576K
Event: 6.466 GC heap after
Heap after GC invocations=11 (full 2):
 PSYoungGen      total 147456K, used 11756K [0x00000000eab00000, 0x00000000f7280000, 0x0000000100000000)
  eden space 135680K, 0% used [0x00000000eab00000,0x00000000eab00000,0x00000000f2f80000)
  from space 11776K, 99% used [0x00000000f2f80000,0x00000000f3afb308,0x00000000f3b00000)
  to   space 15872K, 0% used [0x00000000f6300000,0x00000000f6300000,0x00000000f7280000)
 ParOldGen       total 95232K, used 21948K [0x00000000c0000000, 0x00000000c5d00000, 0x00000000eab00000)
  object space 95232K, 23% used [0x00000000c0000000,0x00000000c156f018,0x00000000c5d00000)
 Metaspace       used 46614K, capacity 47478K, committed 47792K, reserved 1089536K
  class space    used 6499K, capacity 6799K, committed 6832K, reserved 1048576K
}
Event: 8.059 GC heap before
{Heap before GC invocations=12 (full 2):
 PSYoungGen      total 147456K, used 147436K [0x00000000eab00000, 0x00000000f7280000, 0x0000000100000000)
  eden space 135680K, 100% used [0x00000000eab00000,0x00000000f2f80000,0x00000000f2f80000)
  from space 11776K, 99% used [0x00000000f2f80000,0x00000000f3afb308,0x00000000f3b00000)
  to   space 15872K, 0% used [0x00000000f6300000,0x00000000f6300000,0x00000000f7280000)
 ParOldGen       total 95232K, used 21948K [0x00000000c0000000, 0x00000000c5d00000, 0x00000000eab00000)
  object space 95232K, 23% used [0x00000000c0000000,0x00000000c156f018,0x00000000c5d00000)
 Metaspace       used 55782K, capacity 57150K, committed 57520K, reserved 1097728K
  class space    used 7819K, capacity 8249K, committed 8368K, reserved 1048576K
Event: 8.101 GC heap after
Heap after GC invocations=12 (full 2):
 PSYoungGen      total 182784K, used 15845K [0x00000000eab00000, 0x00000000f7d80000, 0x0000000100000000)
  eden space 166912K, 0% used [0x00000000eab00000,0x00000000eab00000,0x00000000f4e00000)
  from space 15872K, 99% used [0x00000000f6300000,0x00000000f72797a0,0x00000000f7280000)
  to   space 21504K, 0% used [0x00000000f4e00000,0x00000000f4e00000,0x00000000f6300000)
 ParOldGen       total 95232K, used 31369K [0x00000000c0000000, 0x00000000c5d00000, 0x00000000eab00000)
  object space 95232K, 32% used [0x00000000c0000000,0x00000000c1ea2568,0x00000000c5d00000)
 Metaspace       used 55782K, capacity 57150K, committed 57520K, reserved 1097728K
  class space    used 7819K, capacity 8249K, committed 8368K, reserved 1048576K
}
Event: 8.636 GC heap before
{Heap before GC invocations=13 (full 2):
 PSYoungGen      total 182784K, used 53744K [0x00000000eab00000, 0x00000000f7d80000, 0x0000000100000000)
  eden space 166912K, 22% used [0x00000000eab00000,0x00000000ed002910,0x00000000f4e00000)
  from space 15872K, 99% used [0x00000000f6300000,0x00000000f72797a0,0x00000000f7280000)
  to   space 21504K, 0% used [0x00000000f4e00000,0x00000000f4e00000,0x00000000f6300000)
 ParOldGen       total 95232K, used 31369K [0x00000000c0000000, 0x00000000c5d00000, 0x00000000eab00000)
  object space 95232K, 32% used [0x00000000c0000000,0x00000000c1ea2568,0x00000000c5d00000)
 Metaspace       used 57646K, capacity 59092K, committed 59160K, reserved 1099776K
  class space    used 8072K, capacity 8484K, committed 8496K, reserved 1048576K
Event: 8.656 GC heap after
Heap after GC invocations=13 (full 2):
 PSYoungGen      total 188416K, used 18813K [0x00000000eab00000, 0x00000000faa80000, 0x0000000100000000)
  eden space 166912K, 0% used [0x00000000eab00000,0x00000000eab00000,0x00000000f4e00000)
  from space 21504K, 87% used [0x00000000f4e00000,0x00000000f605f510,0x00000000f6300000)
  to   space 23552K, 0% used [0x00000000f9380000,0x00000000f9380000,0x00000000faa80000)
 ParOldGen       total 95232K, used 31377K [0x00000000c0000000, 0x00000000c5d00000, 0x00000000eab00000)
  object space 95232K, 32% used [0x00000000c0000000,0x00000000c1ea4568,0x00000000c5d00000)
 Metaspace       used 57646K, capacity 59092K, committed 59160K, reserved 1099776K
  class space    used 8072K, capacity 8484K, committed 8496K, reserved 1048576K
}
Event: 8.656 GC heap before
{Heap before GC invocations=14 (full 3):
 PSYoungGen      total 188416K, used 18813K [0x00000000eab00000, 0x00000000faa80000, 0x0000000100000000)
  eden space 166912K, 0% used [0x00000000eab00000,0x00000000eab00000,0x00000000f4e00000)
  from space 21504K, 87% used [0x00000000f4e00000,0x00000000f605f510,0x00000000f6300000)
  to   space 23552K, 0% used [0x00000000f9380000,0x00000000f9380000,0x00000000faa80000)
 ParOldGen       total 95232K, used 31377K [0x00000000c0000000, 0x00000000c5d00000, 0x00000000eab00000)
  object space 95232K, 32% used [0x00000000c0000000,0x00000000c1ea4568,0x00000000c5d00000)
 Metaspace       used 57646K, capacity 59092K, committed 59160K, reserved 1099776K
  class space    used 8072K, capacity 8484K, committed 8496K, reserved 1048576K
Event: 8.923 GC heap after
Heap after GC invocations=14 (full 3):
 PSYoungGen      total 188416K, used 0K [0x00000000eab00000, 0x00000000faa80000, 0x0000000100000000)
  eden space 166912K, 0% used [0x00000000eab00000,0x00000000eab00000,0x00000000f4e00000)
  from space 21504K, 0% used [0x00000000f4e00000,0x00000000f4e00000,0x00000000f6300000)
  to   space 23552K, 0% used [0x00000000f9380000,0x00000000f9380000,0x00000000faa80000)
 ParOldGen       total 144384K, used 33943K [0x00000000c0000000, 0x00000000c8d00000, 0x00000000eab00000)
  object space 144384K, 23% used [0x00000000c0000000,0x00000000c2125fe0,0x00000000c8d00000)
 Metaspace       used 57646K, capacity 59092K, committed 59160K, reserved 1099776K
  class space    used 8072K, capacity 8484K, committed 8496K, reserved 1048576K
}
Event: 10.165 GC heap before
{Heap before GC invocations=15 (full 3):
 PSYoungGen      total 188416K, used 166912K [0x00000000eab00000, 0x00000000faa80000, 0x0000000100000000)
  eden space 166912K, 100% used [0x00000000eab00000,0x00000000f4e00000,0x00000000f4e00000)
  from space 21504K, 0% used [0x00000000f4e00000,0x00000000f4e00000,0x00000000f6300000)
  to   space 23552K, 0% used [0x00000000f9380000,0x00000000f9380000,0x00000000faa80000)
 ParOldGen       total 144384K, used 33943K [0x00000000c0000000, 0x00000000c8d00000, 0x00000000eab00000)
  object space 144384K, 23% used [0x00000000c0000000,0x00000000c2125fe0,0x00000000c8d00000)
 Metaspace       used 58496K, capacity 60024K, committed 60056K, reserved 1101824K
  class space    used 8145K, capacity 8594K, committed 8624K, reserved 1048576K
Event: 10.173 GC heap after
Heap after GC invocations=15 (full 3):
 PSYoungGen      total 212480K, used 3496K [0x00000000eab00000, 0x00000000f9e00000, 0x0000000100000000)
  eden space 201728K, 0% used [0x00000000eab00000,0x00000000eab00000,0x00000000f7000000)
  from space 10752K, 32% used [0x00000000f9380000,0x00000000f96ea010,0x00000000f9e00000)
  to   space 23552K, 0% used [0x00000000f7000000,0x00000000f7000000,0x00000000f8700000)
 ParOldGen       total 144384K, used 33951K [0x00000000c0000000, 0x00000000c8d00000, 0x00000000eab00000)
  object space 144384K, 23% used [0x00000000c0000000,0x00000000c2127fe0,0x00000000c8d00000)
 Metaspace       used 58496K, capacity 60024K, committed 60056K, reserved 1101824K
  class space    used 8145K, capacity 8594K, committed 8624K, reserved 1048576K
}

