# JRE version: Java(TM) SE Runtime Environment (8.0_201-b09) (build 1.8.0_201-b09)
# Java VM: Java HotSpot(TM) 64-Bit Server VM (25.201-b09 mixed mode linux-amd64 compressed oops)
Heap:
 PSYoungGen      total 269312K, used 142855K [0x00000000eab00000, 0x00000000ffa80000, 0x0000000100000000)
  eden space 241152K, 47% used [0x00000000eab00000,0x00000000f1b03888,0x00000000f9680000)
  from space 28160K, 99% used [0x00000000fbf00000,0x00000000fda7e578,0x00000000fda80000)
  to   space 41472K, 0% used [0x00000000f9680000,0x00000000f9680000,0x00000000fbf00000)
 ParOldGen       total 171008K, used 62697K [0x00000000c0000000, 0x00000000ca700000, 0x00000000eab00000)
  object space 171008K, 36% used [0x00000000c0000000,0x00000000c3d3a498,0x00000000ca700000)
 Metaspace       used 68835K, capacity 71514K, committed 71552K, reserved 1110016K
  class space    used 9518K, capacity 10103K, committed 10112K, reserved 1048576K
GC Heap History (10 events):
Event: 6.397 GC heap before
{Heap before GC invocations=9 (full 2):
 PSYoungGen      total 191488K, used 177152K [0x00000000eab00000, 0x00000000f7500000, 0x0000000100000000)
  eden space 177152K, 100% used [0x00000000eab00000,0x00000000f5800000,0x00000000f5800000)
  from space 14336K, 0% used [0x00000000f6600000,0x00000000f6600000,0x00000000f7400000)
  to   space 14336K, 0% used [0x00000000f5800000,0x00000000f5800000,0x00000000f6600000)
 ParOldGen       total 109568K, used 16526K [0x00000000c0000000, 0x00000000c6b00000, 0x00000000eab00000)
  object space 109568K, 15% used [0x00000000c0000000,0x00000000c1023aa8,0x00000000c6b00000)
 Metaspace       used 50196K, capacity 51206K, committed 51328K, reserved 1093632K
  class space    used 6959K, capacity 7285K, committed 7296K, reserved 1048576K
Event: 6.413 GC heap after
Heap after GC invocations=9 (full 2):
 PSYoungGen      total 191488K, used 14334K [0x00000000eab00000, 0x00000000fb380000, 0x0000000100000000)
  eden space 177152K, 0% used [0x00000000eab00000,0x00000000eab00000,0x00000000f5800000)
  from space 14336K, 99% used [0x00000000f5800000,0x00000000f65ff8f8,0x00000000f6600000)
  to   space 20480K, 0% used [0x00000000f9f80000,0x00000000f9f80000,0x00000000fb380000)
 ParOldGen       total 109568K, used 24055K [0x00000000c0000000, 0x00000000c6b00000, 0x00000000eab00000)
  object space 109568K, 21% used [0x00000000c0000000,0x00000000c177dc78,0x00000000c6b00000)
 Metaspace       used 50196K, capacity 51206K, committed 51328K, reserved 1093632K
  class space    used 6959K, capacity 7285K, committed 7296K, reserved 1048576K
}
Event: 7.982 GC heap before
{Heap before GC invocations=10 (full 2):
 PSYoungGen      total 191488K, used 147827K [0x00000000eab00000, 0x00000000fb380000, 0x0000000100000000)
  eden space 177152K, 75% used [0x00000000eab00000,0x00000000f2d5d5a0,0x00000000f5800000)
  from space 14336K, 99% used [0x00000000f5800000,0x00000000f65ff8f8,0x00000000f6600000)
  to   space 20480K, 0% used [0x00000000f9f80000,0x00000000f9f80000,0x00000000fb380000)
 ParOldGen       total 109568K, used 24055K [0x00000000c0000000, 0x00000000c6b00000, 0x00000000eab00000)
  object space 109568K, 21% used [0x00000000c0000000,0x00000000c177dc78,0x00000000c6b00000)
 Metaspace       used 57594K, capacity 59056K, committed 59160K, reserved 1099776K
  class space    used 8079K, capacity 8516K, committed 8576K, reserved 1048576K
Event: 8.005 GC heap after
Heap after GC invocations=10 (full 2):
 PSYoungGen      total 244736K, used 20449K [0x00000000eab00000, 0x00000000fbe80000, 0x0000000100000000)
  eden space 224256K, 0% used [0x00000000eab00000,0x00000000eab00000,0x00000000f8600000)
  from space 20480K, 99% used [0x00000000f9f80000,0x00000000fb3785a0,0x00000000fb380000)
  to   space 26112K, 0% used [0x00000000f8600000,0x00000000f8600000,0x00000000f9f80000)
 ParOldGen       total 109568K, used 29139K [0x00000000c0000000, 0x00000000c6b00000, 0x00000000eab00000)
  object space 109568K, 26% used [0x00000000c0000000,0x00000000c1c74dd0,0x00000000c6b00000)
 Metaspace       used 57594K, capacity 59056K, committed 59160K, reserved 1099776K
  class space    used 8079K, capacity 8516K, committed 8576K, reserved 1048576K
}
Event: 8.005 GC heap before
{Heap before GC invocations=11 (full 3):
 PSYoungGen      total 244736K, used 20449K [0x00000000eab00000, 0x00000000fbe80000, 0x0000000100000000)
  eden space 224256K, 0% used [0x00000000eab00000,0x00000000eab00000,0x00000000f8600000)
  from space 20480K, 99% used [0x00000000f9f80000,0x00000000fb3785a0,0x00000000fb380000)
  to   space 26112K, 0% used [0x00000000f8600000,0x00000000f8600000,0x00000000f9f80000)
 ParOldGen       total 109568K, used 29139K [0x00000000c0000000, 0x00000000c6b00000, 0x00000000eab00000)
  object space 109568K, 26% used [0x00000000c0000000,0x00000000c1c74dd0,0x00000000c6b00000)
 Metaspace       used 57594K, capacity 59056K, committed 59160K, reserved 1099776K
  class space    used 8079K, capacity 8516K, committed 8576K, reserved 1048576K
Event: 8.265 GC heap after
Heap after GC invocations=11 (full 3):
 PSYoungGen      total 244736K, used 0K [0x00000000eab00000, 0x00000000fbe80000, 0x0000000100000000)
  eden space 224256K, 0% used [0x00000000eab00000,0x00000000eab00000,0x00000000f8600000)
  from space 20480K, 0% used [0x00000000f9f80000,0x00000000f9f80000,0x00000000fb380000)
  to   space 26112K, 0% used [0x00000000f8600000,0x00000000f8600000,0x00000000f9f80000)
 ParOldGen       total 171008K, used 38392K [0x00000000c0000000, 0x00000000ca700000, 0x00000000eab00000)
  object space 171008K, 22% used [0x00000000c0000000,0x00000000c257e230,0x00000000ca700000)
 Metaspace       used 57594K, capacity 59056K, committed 59160K, reserved 1099776K
  class space    used 8079K, capacity 8516K, committed 8576K, reserved 1048576K
}
Event: 10.214 GC heap before
{Heap before GC invocations=12 (full 3):
 PSYoungGen      total 244736K, used 224256K [0x00000000eab00000, 0x00000000fbe80000, 0x0000000100000000)
  eden space 224256K, 100% used [0x00000000eab00000,0x00000000f8600000,0x00000000f8600000)
  from space 20480K, 0% used [0x00000000f9f80000,0x00000000f9f80000,0x00000000fb380000)
  to   space 26112K, 0% used [0x00000000f8600000,0x00000000f8600000,0x00000000f9f80000)
 ParOldGen       total 171008K, used 38392K [0x00000000c0000000, 0x00000000ca700000, 0x00000000eab00000)
  object space 171008K, 22% used [0x00000000c0000000,0x00000000c257e230,0x00000000ca700000)
 Metaspace       used 59749K, capacity 61284K, committed 61568K, reserved 1101824K
  class space    used 8303K, capacity 8764K, committed 8832K, reserved 1048576K
Event: 10.232 GC heap after
Heap after GC invocations=12 (full 3):
 PSYoungGen      total 250368K, used 21945K [0x00000000eab00000, 0x00000000fda80000, 0x0000000100000000)
  eden space 224256K, 0% used [0x00000000eab00000,0x00000000eab00000,0x00000000f8600000)
  from space 26112K, 84% used [0x00000000f8600000,0x00000000f9b6e700,0x00000000f9f80000)
  to   space 28160K, 0% used [0x00000000fbf00000,0x00000000fbf00000,0x00000000fda80000)
 ParOldGen       total 171008K, used 38400K [0x00000000c0000000, 0x00000000ca700000, 0x00000000eab00000)
  object space 171008K, 22% used [0x00000000c0000000,0x00000000c2580230,0x00000000ca700000)
 Metaspace       used 59749K, capacity 61284K, committed 61568K, reserved 1101824K
  class space    used 8303K, capacity 8764K, committed 8832K, reserved 1048576K
}
Event: 12.111 GC heap before
{Heap before GC invocations=13 (full 3):
 PSYoungGen      total 250368K, used 246201K [0x00000000eab00000, 0x00000000fda80000, 0x0000000100000000)
  eden space 224256K, 100% used [0x00000000eab00000,0x00000000f8600000,0x00000000f8600000)
  from space 26112K, 84% used [0x00000000f8600000,0x00000000f9b6e700,0x00000000f9f80000)
  to   space 28160K, 0% used [0x00000000fbf00000,0x00000000fbf00000,0x00000000fda80000)
 ParOldGen       total 171008K, used 38400K [0x00000000c0000000, 0x00000000ca700000, 0x00000000eab00000)
  object space 171008K, 22% used [0x00000000c0000000,0x00000000c2580230,0x00000000ca700000)
 Metaspace       used 68492K, capacity 71100K, committed 71296K, reserved 1110016K
  class space    used 9512K, capacity 10102K, committed 10112K, reserved 1048576K
Event: 12.160 GC heap after
Heap after GC invocations=13 (full 3):
 PSYoungGen      total 269312K, used 28153K [0x00000000eab00000, 0x00000000ffa80000, 0x0000000100000000)
  eden space 241152K, 0% used [0x00000000eab00000,0x00000000eab00000,0x00000000f9680000)
  from space 28160K, 99% used [0x00000000fbf00000,0x00000000fda7e578,0x00000000fda80000)
  to   space 41472K, 0% used [0x00000000f9680000,0x00000000f9680000,0x00000000fbf00000)
 ParOldGen       total 171008K, used 62697K [0x00000000c0000000, 0x00000000ca700000, 0x00000000eab00000)
  object space 171008K, 36% used [0x00000000c0000000,0x00000000c3d3a498,0x00000000ca700000)
 Metaspace       used 68492K, capacity 71100K, committed 71296K, reserved 1110016K
  class space    used 9512K, capacity 10102K, committed 10112K, reserved 1048576K
}

