# JRE version: Java(TM) SE Runtime Environment (8.0_201-b09) (build 1.8.0_201-b09)
# Java VM: Java HotSpot(TM) 64-Bit Server VM (25.201-b09 mixed mode linux-amd64 compressed oops)
Heap:
 PSYoungGen      total 257024K, used 68265K [0x00000000eab00000, 0x00000000fc980000, 0x0000000100000000)
  eden space 236032K, 28% used [0x00000000eab00000,0x00000000eedaa438,0x00000000f9180000)
  from space 20992K, 0% used [0x00000000fab00000,0x00000000fab00000,0x00000000fbf80000)
  to   space 26112K, 0% used [0x00000000f9180000,0x00000000f9180000,0x00000000fab00000)
 ParOldGen       total 164864K, used 37843K [0x00000000c0000000, 0x00000000ca100000, 0x00000000eab00000)
  object space 164864K, 22% used [0x00000000c0000000,0x00000000c24f4c20,0x00000000ca100000)
 Metaspace       used 59245K, capacity 60752K, committed 60928K, reserved 1101824K
  class space    used 8253K, capacity 8680K, committed 8704K, reserved 1048576K
GC Heap History (10 events):
Event: 6.293 GC heap before
{Heap before GC invocations=7 (full 1):
 PSYoungGen      total 132096K, used 54463K [0x00000000eab00000, 0x00000000f7b00000, 0x0000000100000000)
  eden space 126976K, 38% used [0x00000000eab00000,0x00000000edb36540,0x00000000f2700000)
  from space 5120K, 99% used [0x00000000f2700000,0x00000000f2bf9940,0x00000000f2c00000)
  to   space 14848K, 0% used [0x00000000f6c80000,0x00000000f6c80000,0x00000000f7b00000)
 ParOldGen       total 65536K, used 16215K [0x00000000c0000000, 0x00000000c4000000, 0x00000000eab00000)
  object space 65536K, 24% used [0x00000000c0000000,0x00000000c0fd5fc0,0x00000000c4000000)
 Metaspace       used 34831K, capacity 35340K, committed 35496K, reserved 1079296K
  class space    used 4896K, capacity 5114K, committed 5120K, reserved 1048576K
Event: 6.317 GC heap after
Heap after GC invocations=7 (full 1):
 PSYoungGen      total 198144K, used 9808K [0x00000000eab00000, 0x00000000f7a80000, 0x0000000100000000)
  eden space 183808K, 0% used [0x00000000eab00000,0x00000000eab00000,0x00000000f5e80000)
  from space 14336K, 68% used [0x00000000f6c80000,0x00000000f7614250,0x00000000f7a80000)
  to   space 14336K, 0% used [0x00000000f5e80000,0x00000000f5e80000,0x00000000f6c80000)
 ParOldGen       total 65536K, used 16223K [0x00000000c0000000, 0x00000000c4000000, 0x00000000eab00000)
  object space 65536K, 24% used [0x00000000c0000000,0x00000000c0fd7fc0,0x00000000c4000000)
 Metaspace       used 34831K, capacity 35340K, committed 35496K, reserved 1079296K
  class space    used 4896K, capacity 5114K, committed 5120K, reserved 1048576K
}
Event: 6.317 GC heap before
{Heap before GC invocations=8 (full 2):
 PSYoungGen      total 198144K, used 9808K [0x00000000eab00000, 0x00000000f7a80000, 0x0000000100000000)
  eden space 183808K, 0% used [0x00000000eab00000,0x00000000eab00000,0x00000000f5e80000)
  from space 14336K, 68% used [0x00000000f6c80000,0x00000000f7614250,0x00000000f7a80000)
  to   space 14336K, 0% used [0x00000000f5e80000,0x00000000f5e80000,0x00000000f6c80000)
 ParOldGen       total 65536K, used 16223K [0x00000000c0000000, 0x00000000c4000000, 0x00000000eab00000)
  object space 65536K, 24% used [0x00000000c0000000,0x00000000c0fd7fc0,0x00000000c4000000)
 Metaspace       used 34831K, capacity 35340K, committed 35496K, reserved 1079296K
  class space    used 4896K, capacity 5114K, committed 5120K, reserved 1048576K
Event: 6.498 GC heap after
Heap after GC invocations=8 (full 2):
 PSYoungGen      total 198144K, used 0K [0x00000000eab00000, 0x00000000f7a80000, 0x0000000100000000)
  eden space 183808K, 0% used [0x00000000eab00000,0x00000000eab00000,0x00000000f5e80000)
  from space 14336K, 0% used [0x00000000f6c80000,0x00000000f6c80000,0x00000000f7a80000)
  to   space 14336K, 0% used [0x00000000f5e80000,0x00000000f5e80000,0x00000000f6c80000)
 ParOldGen       total 106496K, used 16553K [0x00000000c0000000, 0x00000000c6800000, 0x00000000eab00000)
  object space 106496K, 15% used [0x00000000c0000000,0x00000000c102a778,0x00000000c6800000)
 Metaspace       used 34831K, capacity 35340K, committed 35496K, reserved 1079296K
  class space    used 4896K, capacity 5114K, committed 5120K, reserved 1048576K
}
Event: 9.357 GC heap before
{Heap before GC invocations=9 (full 2):
 PSYoungGen      total 198144K, used 183808K [0x00000000eab00000, 0x00000000f7a80000, 0x0000000100000000)
  eden space 183808K, 100% used [0x00000000eab00000,0x00000000f5e80000,0x00000000f5e80000)
  from space 14336K, 0% used [0x00000000f6c80000,0x00000000f6c80000,0x00000000f7a80000)
  to   space 14336K, 0% used [0x00000000f5e80000,0x00000000f5e80000,0x00000000f6c80000)
 ParOldGen       total 106496K, used 16553K [0x00000000c0000000, 0x00000000c6800000, 0x00000000eab00000)
  object space 106496K, 15% used [0x00000000c0000000,0x00000000c102a778,0x00000000c6800000)
 Metaspace       used 50560K, capacity 51596K, committed 51712K, reserved 1093632K
  class space    used 7023K, capacity 7350K, committed 7424K, reserved 1048576K
Event: 9.375 GC heap after
Heap after GC invocations=9 (full 2):
 PSYoungGen      total 198144K, used 14315K [0x00000000eab00000, 0x00000000fbf80000, 0x0000000100000000)
  eden space 183808K, 0% used [0x00000000eab00000,0x00000000eab00000,0x00000000f5e80000)
  from space 14336K, 99% used [0x00000000f5e80000,0x00000000f6c7aee0,0x00000000f6c80000)
  to   space 20992K, 0% used [0x00000000fab00000,0x00000000fab00000,0x00000000fbf80000)
 ParOldGen       total 106496K, used 24764K [0x00000000c0000000, 0x00000000c6800000, 0x00000000eab00000)
  object space 106496K, 23% used [0x00000000c0000000,0x00000000c182f0a8,0x00000000c6800000)
 Metaspace       used 50560K, capacity 51596K, committed 51712K, reserved 1093632K
  class space    used 7023K, capacity 7350K, committed 7424K, reserved 1048576K
}
Event: 11.117 GC heap before
{Heap before GC invocations=10 (full 2):
 PSYoungGen      total 198144K, used 141722K [0x00000000eab00000, 0x00000000fbf80000, 0x0000000100000000)
  eden space 183808K, 69% used [0x00000000eab00000,0x00000000f276b938,0x00000000f5e80000)
  from space 14336K, 99% used [0x00000000f5e80000,0x00000000f6c7aee0,0x00000000f6c80000)
  to   space 20992K, 0% used [0x00000000fab00000,0x00000000fab00000,0x00000000fbf80000)
 ParOldGen       total 106496K, used 24764K [0x00000000c0000000, 0x00000000c6800000, 0x00000000eab00000)
  object space 106496K, 23% used [0x00000000c0000000,0x00000000c182f0a8,0x00000000c6800000)
 Metaspace       used 57600K, capacity 59060K, committed 59160K, reserved 1099776K
  class space    used 8079K, capacity 8516K, committed 8576K, reserved 1048576K
Event: 11.150 GC heap after
Heap after GC invocations=10 (full 2):
 PSYoungGen      total 257024K, used 20969K [0x00000000eab00000, 0x00000000fc980000, 0x0000000100000000)
  eden space 236032K, 0% used [0x00000000eab00000,0x00000000eab00000,0x00000000f9180000)
  from space 20992K, 99% used [0x00000000fab00000,0x00000000fbf7a4f8,0x00000000fbf80000)
  to   space 26112K, 0% used [0x00000000f9180000,0x00000000f9180000,0x00000000fab00000)
 ParOldGen       total 106496K, used 28808K [0x00000000c0000000, 0x00000000c6800000, 0x00000000eab00000)
  object space 106496K, 27% used [0x00000000c0000000,0x00000000c1c22358,0x00000000c6800000)
 Metaspace       used 57600K, capacity 59060K, committed 59160K, reserved 1099776K
  class space    used 8079K, capacity 8516K, committed 8576K, reserved 1048576K
}
Event: 11.151 GC heap before
{Heap before GC invocations=11 (full 3):
 PSYoungGen      total 257024K, used 20969K [0x00000000eab00000, 0x00000000fc980000, 0x0000000100000000)
  eden space 236032K, 0% used [0x00000000eab00000,0x00000000eab00000,0x00000000f9180000)
  from space 20992K, 99% used [0x00000000fab00000,0x00000000fbf7a4f8,0x00000000fbf80000)
  to   space 26112K, 0% used [0x00000000f9180000,0x00000000f9180000,0x00000000fab00000)
 ParOldGen       total 106496K, used 28808K [0x00000000c0000000, 0x00000000c6800000, 0x00000000eab00000)
  object space 106496K, 27% used [0x00000000c0000000,0x00000000c1c22358,0x00000000c6800000)
 Metaspace       used 57600K, capacity 59060K, committed 59160K, reserved 1099776K
  class space    used 8079K, capacity 8516K, committed 8576K, reserved 1048576K
Event: 11.488 GC heap after
Heap after GC invocations=11 (full 3):
 PSYoungGen      total 257024K, used 0K [0x00000000eab00000, 0x00000000fc980000, 0x0000000100000000)
  eden space 236032K, 0% used [0x00000000eab00000,0x00000000eab00000,0x00000000f9180000)
  from space 20992K, 0% used [0x00000000fab00000,0x00000000fab00000,0x00000000fbf80000)
  to   space 26112K, 0% used [0x00000000f9180000,0x00000000f9180000,0x00000000fab00000)
 ParOldGen       total 164864K, used 37843K [0x00000000c0000000, 0x00000000ca100000, 0x00000000eab00000)
  object space 164864K, 22% used [0x00000000c0000000,0x00000000c24f4c20,0x00000000ca100000)
 Metaspace       used 57600K, capacity 59060K, committed 59160K, reserved 1099776K
  class space    used 8079K, capacity 8516K, committed 8576K, reserved 1048576K
}

