# JRE version: Java(TM) SE Runtime Environment (8.0_201-b09) (build 1.8.0_201-b09)
# Java VM: Java HotSpot(TM) 64-Bit Server VM (25.201-b09 mixed mode linux-amd64 compressed oops)
Heap:
 PSYoungGen      total 160256K, used 122922K [0x00000000eab00000, 0x00000000f8900000, 0x0000000100000000)
  eden space 140288K, 87% used [0x00000000eab00000,0x00000000f230a920,0x00000000f3400000)
  from space 19968K, 0% used [0x00000000f3400000,0x00000000f3400000,0x00000000f4780000)
  to   space 21504K, 0% used [0x00000000f7400000,0x00000000f7400000,0x00000000f8900000)
 ParOldGen       total 158208K, used 30545K [0x00000000c0000000, 0x00000000c9a80000, 0x00000000eab00000)
  object space 158208K, 19% used [0x00000000c0000000,0x00000000c1dd44a8,0x00000000c9a80000)
 Metaspace       used 64804K, capacity 66350K, committed 66432K, reserved 1105920K
  class space    used 8873K, capacity 9339K, committed 9344K, reserved 1048576K
GC Heap History (10 events):
Event: 4.090 GC heap before
{Heap before GC invocations=10 (full 2):
 PSYoungGen      total 126464K, used 3584K [0x00000000eab00000, 0x00000000f5580000, 0x0000000100000000)
  eden space 122880K, 0% used [0x00000000eab00000,0x00000000eab00000,0x00000000f2300000)
  from space 3584K, 100% used [0x00000000f2e80000,0x00000000f3200000,0x00000000f3200000)
  to   space 11776K, 0% used [0x00000000f2300000,0x00000000f2300000,0x00000000f2e80000)
 ParOldGen       total 66560K, used 14252K [0x00000000c0000000, 0x00000000c4100000, 0x00000000eab00000)
  object space 66560K, 21% used [0x00000000c0000000,0x00000000c0deb3d8,0x00000000c4100000)
 Metaspace       used 34761K, capacity 35350K, committed 35496K, reserved 1079296K
  class space    used 4823K, capacity 5089K, committed 5120K, reserved 1048576K
Event: 4.174 GC heap after
Heap after GC invocations=10 (full 2):
 PSYoungGen      total 126464K, used 0K [0x00000000eab00000, 0x00000000f5580000, 0x0000000100000000)
  eden space 122880K, 0% used [0x00000000eab00000,0x00000000eab00000,0x00000000f2300000)
  from space 3584K, 0% used [0x00000000f2e80000,0x00000000f2e80000,0x00000000f3200000)
  to   space 11776K, 0% used [0x00000000f2300000,0x00000000f2300000,0x00000000f2e80000)
 ParOldGen       total 111104K, used 15402K [0x00000000c0000000, 0x00000000c6c80000, 0x00000000eab00000)
  object space 111104K, 13% used [0x00000000c0000000,0x00000000c0f0a8c8,0x00000000c6c80000)
 Metaspace       used 34706K, capacity 35224K, committed 35496K, reserved 1079296K
  class space    used 4805K, capacity 5047K, committed 5120K, reserved 1048576K
}
Event: 5.652 GC heap before
{Heap before GC invocations=11 (full 2):
 PSYoungGen      total 126464K, used 122880K [0x00000000eab00000, 0x00000000f5580000, 0x0000000100000000)
  eden space 122880K, 100% used [0x00000000eab00000,0x00000000f2300000,0x00000000f2300000)
  from space 3584K, 0% used [0x00000000f2e80000,0x00000000f2e80000,0x00000000f3200000)
  to   space 11776K, 0% used [0x00000000f2300000,0x00000000f2300000,0x00000000f2e80000)
 ParOldGen       total 111104K, used 15402K [0x00000000c0000000, 0x00000000c6c80000, 0x00000000eab00000)
  object space 111104K, 13% used [0x00000000c0000000,0x00000000c0f0a8c8,0x00000000c6c80000)
 Metaspace       used 44849K, capacity 45566K, committed 45824K, reserved 1089536K
  class space    used 6117K, capacity 6373K, committed 6400K, reserved 1048576K
Event: 5.671 GC heap after
Heap after GC invocations=11 (full 2):
 PSYoungGen      total 134656K, used 11765K [0x00000000eab00000, 0x00000000f5680000, 0x0000000100000000)
  eden space 122880K, 0% used [0x00000000eab00000,0x00000000eab00000,0x00000000f2300000)
  from space 11776K, 99% used [0x00000000f2300000,0x00000000f2e7d7d8,0x00000000f2e80000)
  to   space 15360K, 0% used [0x00000000f4780000,0x00000000f4780000,0x00000000f5680000)
 ParOldGen       total 111104K, used 20672K [0x00000000c0000000, 0x00000000c6c80000, 0x00000000eab00000)
  object space 111104K, 18% used [0x00000000c0000000,0x00000000c14301d8,0x00000000c6c80000)
 Metaspace       used 44849K, capacity 45566K, committed 45824K, reserved 1089536K
  class space    used 6117K, capacity 6373K, committed 6400K, reserved 1048576K
}
Event: 7.094 GC heap before
{Heap before GC invocations=12 (full 2):
 PSYoungGen      total 134656K, used 134645K [0x00000000eab00000, 0x00000000f5680000, 0x0000000100000000)
  eden space 122880K, 100% used [0x00000000eab00000,0x00000000f2300000,0x00000000f2300000)
  from space 11776K, 99% used [0x00000000f2300000,0x00000000f2e7d7d8,0x00000000f2e80000)
  to   space 15360K, 0% used [0x00000000f4780000,0x00000000f4780000,0x00000000f5680000)
 ParOldGen       total 111104K, used 20672K [0x00000000c0000000, 0x00000000c6c80000, 0x00000000eab00000)
  object space 111104K, 18% used [0x00000000c0000000,0x00000000c14301d8,0x00000000c6c80000)
 Metaspace       used 56914K, capacity 58056K, committed 58112K, reserved 1099776K
  class space    used 7791K, capacity 8162K, committed 8192K, reserved 1048576K
Event: 7.108 GC heap after
Heap after GC invocations=12 (full 2):
 PSYoungGen      total 155648K, used 15351K [0x00000000eab00000, 0x00000000f5e80000, 0x0000000100000000)
  eden space 140288K, 0% used [0x00000000eab00000,0x00000000eab00000,0x00000000f3400000)
  from space 15360K, 99% used [0x00000000f4780000,0x00000000f567dec8,0x00000000f5680000)
  to   space 19968K, 0% used [0x00000000f3400000,0x00000000f3400000,0x00000000f4780000)
 ParOldGen       total 111104K, used 28392K [0x00000000c0000000, 0x00000000c6c80000, 0x00000000eab00000)
  object space 111104K, 25% used [0x00000000c0000000,0x00000000c1bba340,0x00000000c6c80000)
 Metaspace       used 56914K, capacity 58056K, committed 58112K, reserved 1099776K
  class space    used 7791K, capacity 8162K, committed 8192K, reserved 1048576K
}
Event: 7.262 GC heap before
{Heap before GC invocations=13 (full 2):
 PSYoungGen      total 155648K, used 36978K [0x00000000eab00000, 0x00000000f5e80000, 0x0000000100000000)
  eden space 140288K, 15% used [0x00000000eab00000,0x00000000ec01ec70,0x00000000f3400000)
  from space 15360K, 99% used [0x00000000f4780000,0x00000000f567dec8,0x00000000f5680000)
  to   space 19968K, 0% used [0x00000000f3400000,0x00000000f3400000,0x00000000f4780000)
 ParOldGen       total 111104K, used 28392K [0x00000000c0000000, 0x00000000c6c80000, 0x00000000eab00000)
  object space 111104K, 25% used [0x00000000c0000000,0x00000000c1bba340,0x00000000c6c80000)
 Metaspace       used 57661K, capacity 58956K, committed 59136K, reserved 1099776K
  class space    used 7927K, capacity 8325K, committed 8448K, reserved 1048576K
Event: 7.278 GC heap after
Heap after GC invocations=13 (full 2):
 PSYoungGen      total 160256K, used 16977K [0x00000000eab00000, 0x00000000f8900000, 0x0000000100000000)
  eden space 140288K, 0% used [0x00000000eab00000,0x00000000eab00000,0x00000000f3400000)
  from space 19968K, 85% used [0x00000000f3400000,0x00000000f4494488,0x00000000f4780000)
  to   space 21504K, 0% used [0x00000000f7400000,0x00000000f7400000,0x00000000f8900000)
 ParOldGen       total 111104K, used 28400K [0x00000000c0000000, 0x00000000c6c80000, 0x00000000eab00000)
  object space 111104K, 25% used [0x00000000c0000000,0x00000000c1bbc340,0x00000000c6c80000)
 Metaspace       used 57661K, capacity 58956K, committed 59136K, reserved 1099776K
  class space    used 7927K, capacity 8325K, committed 8448K, reserved 1048576K
}
Event: 7.278 GC heap before
{Heap before GC invocations=14 (full 3):
 PSYoungGen      total 160256K, used 16977K [0x00000000eab00000, 0x00000000f8900000, 0x0000000100000000)
  eden space 140288K, 0% used [0x00000000eab00000,0x00000000eab00000,0x00000000f3400000)
  from space 19968K, 85% used [0x00000000f3400000,0x00000000f4494488,0x00000000f4780000)
  to   space 21504K, 0% used [0x00000000f7400000,0x00000000f7400000,0x00000000f8900000)
 ParOldGen       total 111104K, used 28400K [0x00000000c0000000, 0x00000000c6c80000, 0x00000000eab00000)
  object space 111104K, 25% used [0x00000000c0000000,0x00000000c1bbc340,0x00000000c6c80000)
 Metaspace       used 57661K, capacity 58956K, committed 59136K, reserved 1099776K
  class space    used 7927K, capacity 8325K, committed 8448K, reserved 1048576K
Event: 7.447 GC heap after
Heap after GC invocations=14 (full 3):
 PSYoungGen      total 160256K, used 0K [0x00000000eab00000, 0x00000000f8900000, 0x0000000100000000)
  eden space 140288K, 0% used [0x00000000eab00000,0x00000000eab00000,0x00000000f3400000)
  from space 19968K, 0% used [0x00000000f3400000,0x00000000f3400000,0x00000000f4780000)
  to   space 21504K, 0% used [0x00000000f7400000,0x00000000f7400000,0x00000000f8900000)
 ParOldGen       total 158208K, used 30545K [0x00000000c0000000, 0x00000000c9a80000, 0x00000000eab00000)
  object space 158208K, 19% used [0x00000000c0000000,0x00000000c1dd44a8,0x00000000c9a80000)
 Metaspace       used 57661K, capacity 58956K, committed 59136K, reserved 1099776K
  class space    used 7927K, capacity 8325K, committed 8448K, reserved 1048576K
}

