# JRE version: Java(TM) SE Runtime Environment (8.0_201-b09) (build 1.8.0_201-b09)
# Java VM: Java HotSpot(TM) 64-Bit Server VM (25.201-b09 mixed mode linux-amd64 compressed oops)
Heap:
 PSYoungGen      total 301056K, used 250797K [0x00000000eab00000, 0x0000000100000000, 0x0000000100000000)
  eden space 252928K, 89% used [0x00000000eab00000,0x00000000f87c5150,0x00000000fa200000)
  from space 48128K, 51% used [0x00000000fa200000,0x00000000fba264f8,0x00000000fd100000)
  to   space 47104K, 0% used [0x00000000fd200000,0x00000000fd200000,0x0000000100000000)
 ParOldGen       total 155136K, used 69120K [0x00000000c0000000, 0x00000000c9780000, 0x00000000eab00000)
  object space 155136K, 44% used [0x00000000c0000000,0x00000000c43801f0,0x00000000c9780000)
 Metaspace       used 70011K, capacity 72740K, committed 72960K, reserved 1112064K
  class space    used 9570K, capacity 10174K, committed 10240K, reserved 1048576K
GC Heap History (10 events):
Event: 10.493 GC heap before
{Heap before GC invocations=16 (full 3):
 PSYoungGen      total 196096K, used 195967K [0x00000000eab00000, 0x00000000f8800000, 0x0000000100000000)
  eden space 177152K, 100% used [0x00000000eab00000,0x00000000f5800000,0x00000000f5800000)
  from space 18944K, 99% used [0x00000000f7580000,0x00000000f87dfde0,0x00000000f8800000)
  to   space 24576K, 0% used [0x00000000f5800000,0x00000000f5800000,0x00000000f7000000)
 ParOldGen       total 155136K, used 34379K [0x00000000c0000000, 0x00000000c9780000, 0x00000000eab00000)
  object space 155136K, 22% used [0x00000000c0000000,0x00000000c2192d58,0x00000000c9780000)
 Metaspace       used 64272K, capacity 66156K, committed 66304K, reserved 1105920K
  class space    used 8925K, capacity 9452K, committed 9472K, reserved 1048576K
Event: 10.524 GC heap after
Heap after GC invocations=16 (full 3):
 PSYoungGen      total 201728K, used 24557K [0x00000000eab00000, 0x00000000fb900000, 0x0000000100000000)
  eden space 177152K, 0% used [0x00000000eab00000,0x00000000eab00000,0x00000000f5800000)
  from space 24576K, 99% used [0x00000000f5800000,0x00000000f6ffb530,0x00000000f7000000)
  to   space 32256K, 0% used [0x00000000f9980000,0x00000000f9980000,0x00000000fb900000)
 ParOldGen       total 155136K, used 45367K [0x00000000c0000000, 0x00000000c9780000, 0x00000000eab00000)
  object space 155136K, 29% used [0x00000000c0000000,0x00000000c2c4dc60,0x00000000c9780000)
 Metaspace       used 64272K, capacity 66156K, committed 66304K, reserved 1105920K
  class space    used 8925K, capacity 9452K, committed 9472K, reserved 1048576K
}
Event: 11.763 GC heap before
{Heap before GC invocations=17 (full 3):
 PSYoungGen      total 201728K, used 201709K [0x00000000eab00000, 0x00000000fb900000, 0x0000000100000000)
  eden space 177152K, 100% used [0x00000000eab00000,0x00000000f5800000,0x00000000f5800000)
  from space 24576K, 99% used [0x00000000f5800000,0x00000000f6ffb530,0x00000000f7000000)
  to   space 32256K, 0% used [0x00000000f9980000,0x00000000f9980000,0x00000000fb900000)
 ParOldGen       total 155136K, used 45367K [0x00000000c0000000, 0x00000000c9780000, 0x00000000eab00000)
  object space 155136K, 29% used [0x00000000c0000000,0x00000000c2c4dc60,0x00000000c9780000)
 Metaspace       used 68503K, capacity 71158K, committed 71296K, reserved 1110016K
  class space    used 9493K, capacity 10091K, committed 10112K, reserved 1048576K
Event: 11.805 GC heap after
Heap after GC invocations=17 (full 3):
 PSYoungGen      total 239104K, used 32235K [0x00000000eab00000, 0x00000000fc580000, 0x0000000100000000)
  eden space 206848K, 0% used [0x00000000eab00000,0x00000000eab00000,0x00000000f7500000)
  from space 32256K, 99% used [0x00000000f9980000,0x00000000fb8fae48,0x00000000fb900000)
  to   space 37376K, 0% used [0x00000000f7500000,0x00000000f7500000,0x00000000f9980000)
 ParOldGen       total 155136K, used 46056K [0x00000000c0000000, 0x00000000c9780000, 0x00000000eab00000)
  object space 155136K, 29% used [0x00000000c0000000,0x00000000c2cfa368,0x00000000c9780000)
 Metaspace       used 68503K, capacity 71158K, committed 71296K, reserved 1110016K
  class space    used 9493K, capacity 10091K, committed 10112K, reserved 1048576K
}
Event: 12.743 GC heap before
{Heap before GC invocations=18 (full 3):
 PSYoungGen      total 239104K, used 239083K [0x00000000eab00000, 0x00000000fc580000, 0x0000000100000000)
  eden space 206848K, 100% used [0x00000000eab00000,0x00000000f7500000,0x00000000f7500000)
  from space 32256K, 99% used [0x00000000f9980000,0x00000000fb8fae48,0x00000000fb900000)
  to   space 37376K, 0% used [0x00000000f7500000,0x00000000f7500000,0x00000000f9980000)
 ParOldGen       total 155136K, used 46056K [0x00000000c0000000, 0x00000000c9780000, 0x00000000eab00000)
  object space 155136K, 29% used [0x00000000c0000000,0x00000000c2cfa368,0x00000000c9780000)
 Metaspace       used 69024K, capacity 71684K, committed 71936K, reserved 1112064K
  class space    used 9532K, capacity 10130K, committed 10240K, reserved 1048576K
Event: 12.799 GC heap after
Heap after GC invocations=18 (full 3):
 PSYoungGen      total 244224K, used 37350K [0x00000000eab00000, 0x00000000ffe00000, 0x0000000100000000)
  eden space 206848K, 0% used [0x00000000eab00000,0x00000000eab00000,0x00000000f7500000)
  from space 37376K, 99% used [0x00000000f7500000,0x00000000f9979918,0x00000000f9980000)
  to   space 44032K, 0% used [0x00000000fd300000,0x00000000fd300000,0x00000000ffe00000)
 ParOldGen       total 155136K, used 48225K [0x00000000c0000000, 0x00000000c9780000, 0x00000000eab00000)
  object space 155136K, 31% used [0x00000000c0000000,0x00000000c2f18588,0x00000000c9780000)
 Metaspace       used 69024K, capacity 71684K, committed 71936K, reserved 1112064K
  class space    used 9532K, capacity 10130K, committed 10240K, reserved 1048576K
}
Event: 13.430 GC heap before
{Heap before GC invocations=19 (full 3):
 PSYoungGen      total 244224K, used 244198K [0x00000000eab00000, 0x00000000ffe00000, 0x0000000100000000)
  eden space 206848K, 100% used [0x00000000eab00000,0x00000000f7500000,0x00000000f7500000)
  from space 37376K, 99% used [0x00000000f7500000,0x00000000f9979918,0x00000000f9980000)
  to   space 44032K, 0% used [0x00000000fd300000,0x00000000fd300000,0x00000000ffe00000)
 ParOldGen       total 155136K, used 48225K [0x00000000c0000000, 0x00000000c9780000, 0x00000000eab00000)
  object space 155136K, 31% used [0x00000000c0000000,0x00000000c2f18588,0x00000000c9780000)
 Metaspace       used 69421K, capacity 72110K, committed 72448K, reserved 1112064K
  class space    used 9545K, capacity 10131K, committed 10240K, reserved 1048576K
Event: 13.482 GC heap after
Heap after GC invocations=19 (full 3):
 PSYoungGen      total 296960K, used 36231K [0x00000000eab00000, 0x0000000100000000, 0x0000000100000000)
  eden space 252928K, 0% used [0x00000000eab00000,0x00000000eab00000,0x00000000fa200000)
  from space 44032K, 82% used [0x00000000fd300000,0x00000000ff661c98,0x00000000ffe00000)
  to   space 48128K, 0% used [0x00000000fa200000,0x00000000fa200000,0x00000000fd100000)
 ParOldGen       total 155136K, used 53697K [0x00000000c0000000, 0x00000000c9780000, 0x00000000eab00000)
  object space 155136K, 34% used [0x00000000c0000000,0x00000000c34706a8,0x00000000c9780000)
 Metaspace       used 69421K, capacity 72110K, committed 72448K, reserved 1112064K
  class space    used 9545K, capacity 10131K, committed 10240K, reserved 1048576K
}
Event: 14.144 GC heap before
{Heap before GC invocations=20 (full 3):
 PSYoungGen      total 296960K, used 289159K [0x00000000eab00000, 0x0000000100000000, 0x0000000100000000)
  eden space 252928K, 100% used [0x00000000eab00000,0x00000000fa200000,0x00000000fa200000)
  from space 44032K, 82% used [0x00000000fd300000,0x00000000ff661c98,0x00000000ffe00000)
  to   space 48128K, 0% used [0x00000000fa200000,0x00000000fa200000,0x00000000fd100000)
 ParOldGen       total 155136K, used 53697K [0x00000000c0000000, 0x00000000c9780000, 0x00000000eab00000)
  object space 155136K, 34% used [0x00000000c0000000,0x00000000c34706a8,0x00000000c9780000)
 Metaspace       used 69571K, capacity 72250K, committed 72448K, reserved 1112064K
  class space    used 9548K, capacity 10133K, committed 10240K, reserved 1048576K
Event: 14.198 GC heap after
Heap after GC invocations=20 (full 3):
 PSYoungGen      total 301056K, used 24729K [0x00000000eab00000, 0x0000000100000000, 0x0000000100000000)
  eden space 252928K, 0% used [0x00000000eab00000,0x00000000eab00000,0x00000000fa200000)
  from space 48128K, 51% used [0x00000000fa200000,0x00000000fba264f8,0x00000000fd100000)
  to   space 47104K, 0% used [0x00000000fd200000,0x00000000fd200000,0x0000000100000000)
 ParOldGen       total 155136K, used 69120K [0x00000000c0000000, 0x00000000c9780000, 0x00000000eab00000)
  object space 155136K, 44% used [0x00000000c0000000,0x00000000c43801f0,0x00000000c9780000)
 Metaspace       used 69571K, capacity 72250K, committed 72448K, reserved 1112064K
  class space    used 9548K, capacity 10133K, committed 10240K, reserved 1048576K
}

