# JRE version: Java(TM) SE Runtime Environment (8.0_201-b09) (build 1.8.0_201-b09)
# Java VM: Java HotSpot(TM) 64-Bit Server VM (25.201-b09 mixed mode linux-amd64 compressed oops)
Heap:
 PSYoungGen      total 195072K, used 114325K [0x00000000eab00000, 0x00000000fb380000, 0x0000000100000000)
  eden space 173056K, 66% used [0x00000000eab00000,0x00000000f1aa5760,0x00000000f5400000)
  from space 22016K, 0% used [0x00000000f5400000,0x00000000f5400000,0x00000000f6980000)
  to   space 23552K, 0% used [0x00000000f9c80000,0x00000000f9c80000,0x00000000fb380000)
 ParOldGen       total 139776K, used 34444K [0x00000000c0000000, 0x00000000c8880000, 0x00000000eab00000)
  object space 139776K, 24% used [0x00000000c0000000,0x00000000c21a3390,0x00000000c8880000)
 Metaspace       used 60365K, capacity 62008K, committed 62208K, reserved 1101824K
  class space    used 8387K, capacity 8852K, committed 8960K, reserved 1048576K
GC Heap History (10 events):
Event: 8.579 GC heap before
{Heap before GC invocations=10 (full 2):
 PSYoungGen      total 151552K, used 8535K [0x00000000eab00000, 0x00000000f6f80000, 0x0000000100000000)
  eden space 139776K, 0% used [0x00000000eab00000,0x00000000eab00000,0x00000000f3380000)
  from space 11776K, 72% used [0x00000000f3f00000,0x00000000f4755e40,0x00000000f4a80000)
  to   space 11776K, 0% used [0x00000000f3380000,0x00000000f3380000,0x00000000f3f00000)
 ParOldGen       total 60928K, used 9482K [0x00000000c0000000, 0x00000000c3b80000, 0x00000000eab00000)
  object space 60928K, 15% used [0x00000000c0000000,0x00000000c0942a48,0x00000000c3b80000)
 Metaspace       used 34847K, capacity 35336K, committed 35496K, reserved 1079296K
  class space    used 4892K, capacity 5112K, committed 5120K, reserved 1048576K
Event: 8.667 GC heap after
Heap after GC invocations=10 (full 2):
 PSYoungGen      total 151552K, used 0K [0x00000000eab00000, 0x00000000f6f80000, 0x0000000100000000)
  eden space 139776K, 0% used [0x00000000eab00000,0x00000000eab00000,0x00000000f3380000)
  from space 11776K, 0% used [0x00000000f3f00000,0x00000000f3f00000,0x00000000f4a80000)
  to   space 11776K, 0% used [0x00000000f3380000,0x00000000f3380000,0x00000000f3f00000)
 ParOldGen       total 90112K, used 15300K [0x00000000c0000000, 0x00000000c5800000, 0x00000000eab00000)
  object space 90112K, 16% used [0x00000000c0000000,0x00000000c0ef1300,0x00000000c5800000)
 Metaspace       used 34847K, capacity 35336K, committed 35496K, reserved 1079296K
  class space    used 4892K, capacity 5112K, committed 5120K, reserved 1048576K
}
Event: 12.274 GC heap before
{Heap before GC invocations=11 (full 2):
 PSYoungGen      total 151552K, used 139776K [0x00000000eab00000, 0x00000000f6f80000, 0x0000000100000000)
  eden space 139776K, 100% used [0x00000000eab00000,0x00000000f3380000,0x00000000f3380000)
  from space 11776K, 0% used [0x00000000f3f00000,0x00000000f3f00000,0x00000000f4a80000)
  to   space 11776K, 0% used [0x00000000f3380000,0x00000000f3380000,0x00000000f3f00000)
 ParOldGen       total 90112K, used 15300K [0x00000000c0000000, 0x00000000c5800000, 0x00000000eab00000)
  object space 90112K, 16% used [0x00000000c0000000,0x00000000c0ef1300,0x00000000c5800000)
 Metaspace       used 47386K, capacity 48198K, committed 48640K, reserved 1091584K
  class space    used 6599K, capacity 6867K, committed 6912K, reserved 1048576K
Event: 12.329 GC heap after
Heap after GC invocations=11 (full 2):
 PSYoungGen      total 151552K, used 11756K [0x00000000eab00000, 0x00000000f7900000, 0x0000000100000000)
  eden space 139776K, 0% used [0x00000000eab00000,0x00000000eab00000,0x00000000f3380000)
  from space 11776K, 99% used [0x00000000f3380000,0x00000000f3efb228,0x00000000f3f00000)
  to   space 15872K, 0% used [0x00000000f6980000,0x00000000f6980000,0x00000000f7900000)
 ParOldGen       total 90112K, used 22282K [0x00000000c0000000, 0x00000000c5800000, 0x00000000eab00000)
  object space 90112K, 24% used [0x00000000c0000000,0x00000000c15c2b78,0x00000000c5800000)
 Metaspace       used 47386K, capacity 48198K, committed 48640K, reserved 1091584K
  class space    used 6599K, capacity 6867K, committed 6912K, reserved 1048576K
}
Event: 15.953 GC heap before
{Heap before GC invocations=12 (full 2):
 PSYoungGen      total 151552K, used 151532K [0x00000000eab00000, 0x00000000f7900000, 0x0000000100000000)
  eden space 139776K, 100% used [0x00000000eab00000,0x00000000f3380000,0x00000000f3380000)
  from space 11776K, 99% used [0x00000000f3380000,0x00000000f3efb228,0x00000000f3f00000)
  to   space 15872K, 0% used [0x00000000f6980000,0x00000000f6980000,0x00000000f7900000)
 ParOldGen       total 90112K, used 22282K [0x00000000c0000000, 0x00000000c5800000, 0x00000000eab00000)
  object space 90112K, 24% used [0x00000000c0000000,0x00000000c15c2b78,0x00000000c5800000)
 Metaspace       used 56111K, capacity 57594K, committed 57728K, reserved 1099776K
  class space    used 7857K, capacity 8271K, committed 8320K, reserved 1048576K
Event: 15.998 GC heap after
Heap after GC invocations=12 (full 2):
 PSYoungGen      total 188928K, used 15857K [0x00000000eab00000, 0x00000000f8280000, 0x0000000100000000)
  eden space 173056K, 0% used [0x00000000eab00000,0x00000000eab00000,0x00000000f5400000)
  from space 15872K, 99% used [0x00000000f6980000,0x00000000f78fc4d0,0x00000000f7900000)
  to   space 22016K, 0% used [0x00000000f5400000,0x00000000f5400000,0x00000000f6980000)
 ParOldGen       total 90112K, used 33263K [0x00000000c0000000, 0x00000000c5800000, 0x00000000eab00000)
  object space 90112K, 36% used [0x00000000c0000000,0x00000000c207bc80,0x00000000c5800000)
 Metaspace       used 56111K, capacity 57594K, committed 57728K, reserved 1099776K
  class space    used 7857K, capacity 8271K, committed 8320K, reserved 1048576K
}
Event: 16.624 GC heap before
{Heap before GC invocations=13 (full 2):
 PSYoungGen      total 188928K, used 38326K [0x00000000eab00000, 0x00000000f8280000, 0x0000000100000000)
  eden space 173056K, 12% used [0x00000000eab00000,0x00000000ec0f1470,0x00000000f5400000)
  from space 15872K, 99% used [0x00000000f6980000,0x00000000f78fc4d0,0x00000000f7900000)
  to   space 22016K, 0% used [0x00000000f5400000,0x00000000f5400000,0x00000000f6980000)
 ParOldGen       total 90112K, used 33263K [0x00000000c0000000, 0x00000000c5800000, 0x00000000eab00000)
  object space 90112K, 36% used [0x00000000c0000000,0x00000000c207bc80,0x00000000c5800000)
 Metaspace       used 57404K, capacity 59050K, committed 59160K, reserved 1099776K
  class space    used 8050K, capacity 8527K, committed 8576K, reserved 1048576K
Event: 16.643 GC heap after
Heap after GC invocations=13 (full 2):
 PSYoungGen      total 195072K, used 17923K [0x00000000eab00000, 0x00000000fb380000, 0x0000000100000000)
  eden space 173056K, 0% used [0x00000000eab00000,0x00000000eab00000,0x00000000f5400000)
  from space 22016K, 81% used [0x00000000f5400000,0x00000000f6580f00,0x00000000f6980000)
  to   space 23552K, 0% used [0x00000000f9c80000,0x00000000f9c80000,0x00000000fb380000)
 ParOldGen       total 90112K, used 33271K [0x00000000c0000000, 0x00000000c5800000, 0x00000000eab00000)
  object space 90112K, 36% used [0x00000000c0000000,0x00000000c207dc80,0x00000000c5800000)
 Metaspace       used 57404K, capacity 59050K, committed 59160K, reserved 1099776K
  class space    used 8050K, capacity 8527K, committed 8576K, reserved 1048576K
}
Event: 16.643 GC heap before
{Heap before GC invocations=14 (full 3):
 PSYoungGen      total 195072K, used 17923K [0x00000000eab00000, 0x00000000fb380000, 0x0000000100000000)
  eden space 173056K, 0% used [0x00000000eab00000,0x00000000eab00000,0x00000000f5400000)
  from space 22016K, 81% used [0x00000000f5400000,0x00000000f6580f00,0x00000000f6980000)
  to   space 23552K, 0% used [0x00000000f9c80000,0x00000000f9c80000,0x00000000fb380000)
 ParOldGen       total 90112K, used 33271K [0x00000000c0000000, 0x00000000c5800000, 0x00000000eab00000)
  object space 90112K, 36% used [0x00000000c0000000,0x00000000c207dc80,0x00000000c5800000)
 Metaspace       used 57404K, capacity 59050K, committed 59160K, reserved 1099776K
  class space    used 8050K, capacity 8527K, committed 8576K, reserved 1048576K
Event: 16.996 GC heap after
Heap after GC invocations=14 (full 3):
 PSYoungGen      total 195072K, used 0K [0x00000000eab00000, 0x00000000fb380000, 0x0000000100000000)
  eden space 173056K, 0% used [0x00000000eab00000,0x00000000eab00000,0x00000000f5400000)
  from space 22016K, 0% used [0x00000000f5400000,0x00000000f5400000,0x00000000f6980000)
  to   space 23552K, 0% used [0x00000000f9c80000,0x00000000f9c80000,0x00000000fb380000)
 ParOldGen       total 139776K, used 34444K [0x00000000c0000000, 0x00000000c8880000, 0x00000000eab00000)
  object space 139776K, 24% used [0x00000000c0000000,0x00000000c21a3390,0x00000000c8880000)
 Metaspace       used 57404K, capacity 59050K, committed 59160K, reserved 1099776K
  class space    used 8050K, capacity 8527K, committed 8576K, reserved 1048576K
}

